<?xml version="1.0" encoding="UTF-8"?>
<!-- Generated by org.testng.reporters.JUnitReportReporter -->
<testsuite hostname="SourishPC" failures="0" tests="2" name="testCases.TC001_AccountRegistrationTest" time="16.094" errors="0" timestamp="2025-08-26T22:21:53 IST" skipped="0">
  <testcase classname="testCases.TC001_AccountRegistrationTest" name="verify_account_registration" time="7.718"/>
  <testcase classname="testCases.TC001_AccountRegistrationTest" name="verify_account_registration" time="8.376"/>
</testsuite> <!-- testCases.TC001_AccountRegistrationTest -->
