<?xml version="1.0" encoding="UTF-8"?>
<!-- Generated by org.testng.reporters.JUnitReportReporter -->
<testsuite hostname="SourishPC" failures="0" tests="2" name="testCases.TC002_LoginTest" time="10.767" errors="0" timestamp="2025-08-26T22:21:53 IST" skipped="0">
  <testcase classname="testCases.TC002_LoginTest" name="verify_login" time="5.634"/>
  <testcase classname="testCases.TC002_LoginTest" name="verify_login" time="5.133"/>
</testsuite> <!-- testCases.TC002_LoginTest -->
