<?xml version="1.0" encoding="UTF-8"?>
<!-- Generated by org.testng.reporters.JUnitReportReporter -->
<testsuite hostname="SourishPC" failures="0" tests="1" name="testCases.TC002_LoginTest" time="6.041" errors="0" timestamp="2025-09-02T20:15:27 IST" skipped="0">
  <testcase classname="testCases.TC002_LoginTest" name="verify_login" time="6.041"/>
</testsuite> <!-- testCases.TC002_LoginTest -->
